Using pre-set license
Built from '2021.3/staging' branch; Version is '2021.3.10f1 (1c7d0df0160b) revision 1867021'; Using compiler version '192829333'; Build Type 'Release'
OS: 'Windows 11  (10.0.22000) 64bit Core' Language: 'en' Physical Memory: 8021 MB
BatchMode: 1, IsHumanControllingUs: 0, StartBugReporterOnCrash: 0, Is64bit: 1, IsPro: 1

COMMAND LINE ARGUMENTS:
C:\Program Files\Unity\Hub\Editor\2021.3.10f1\Editor\Unity.exe
-adb2
-batchMode
-noUpm
-name
AssetImportWorker0
-projectPath
C:/Users/User/Desktop/John Paul C. Dayrit
-logFile
Logs/AssetImportWorker0.log
-srvPort
54624
Successfully changed project path to: C:/Users/User/Desktop/John Paul C. Dayrit
C:/Users/User/Desktop/John Paul C. Dayrit
[UnityMemory] Configuration Parameters - Can be set up in boot.config
    "memorysetup-bucket-allocator-granularity=16"
    "memorysetup-bucket-allocator-bucket-count=8"
    "memorysetup-bucket-allocator-block-size=33554432"
    "memorysetup-bucket-allocator-block-count=8"
    "memorysetup-main-allocator-block-size=16777216"
    "memorysetup-thread-allocator-block-size=16777216"
    "memorysetup-gfx-main-allocator-block-size=16777216"
    "memorysetup-gfx-thread-allocator-block-size=16777216"
    "memorysetup-cache-allocator-block-size=4194304"
    "memorysetup-typetree-allocator-block-size=2097152"
    "memorysetup-profiler-bucket-allocator-granularity=16"
    "memorysetup-profiler-bucket-allocator-bucket-count=8"
    "memorysetup-profiler-bucket-allocator-block-size=33554432"
    "memorysetup-profiler-bucket-allocator-block-count=8"
    "memorysetup-profiler-allocator-block-size=16777216"
    "memorysetup-profiler-editor-allocator-block-size=1048576"
    "memorysetup-temp-allocator-size-main=16777216"
    "memorysetup-job-temp-allocator-block-size=2097152"
    "memorysetup-job-temp-allocator-block-size-background=1048576"
    "memorysetup-job-temp-allocator-reduction-small-platforms=262144"
    "memorysetup-temp-allocator-size-background-worker=32768"
    "memorysetup-temp-allocator-size-job-worker=262144"
    "memorysetup-temp-allocator-size-preload-manager=33554432"
    "memorysetup-temp-allocator-size-nav-mesh-worker=65536"
    "memorysetup-temp-allocator-size-audio-worker=65536"
    "memorysetup-temp-allocator-size-cloud-worker=32768"
    "memorysetup-temp-allocator-size-gi-baking-worker=262144"
    "memorysetup-temp-allocator-size-gfx=262144"
Refreshing native plugins compatible for Editor in 84.34 ms, found 3 plugins.
Preloading 0 native plugins for Editor in 0.00 ms.
Initialize engine version: 2021.3.10f1 (1c7d0df0160b)
[Subsystems] Discovering subsystems at path C:/Program Files/Unity/Hub/Editor/2021.3.10f1/Editor/Data/Resources/UnitySubsystems
[Subsystems] Discovering subsystems at path C:/Users/User/Desktop/John Paul C. Dayrit/Assets
GfxDevice: creating device client; threaded=0; jobified=0
Direct3D:
    Version:  Direct3D 11.0 [level 11.1]
    Renderer: Intel(R) UHD Graphics 630 (ID=0x9bc8)
    Vendor:   Intel
    VRAM:     4010 MB
    Driver:   30.0.101.1273
Initialize mono
Mono path[0] = 'C:/Program Files/Unity/Hub/Editor/2021.3.10f1/Editor/Data/Managed'
Mono path[1] = 'C:/Program Files/Unity/Hub/Editor/2021.3.10f1/Editor/Data/MonoBleedingEdge/lib/mono/unityjit-win32'
Mono config path = 'C:/Program Files/Unity/Hub/Editor/2021.3.10f1/Editor/Data/MonoBleedingEdge/etc'
Using monoOptions --debugger-agent=transport=dt_socket,embedding=1,server=y,suspend=n,address=127.0.0.1:56888
Begin MonoManager ReloadAssembly
Registering precompiled unity dll's ...
Register platform support module: C:/Program Files/Unity/Hub/Editor/2021.3.10f1/Editor/Data/PlaybackEngines/WebGLSupport/UnityEditor.WebGL.Extensions.dll
Register platform support module: C:/Program Files/Unity/Hub/Editor/2021.3.10f1/Editor/Data/PlaybackEngines/WindowsStandaloneSupport/UnityEditor.WindowsStandalone.Extensions.dll
Registered in 0.003938 seconds.
Native extension for WindowsStandalone target not found
Native extension for WebGL target not found
Refreshing native plugins compatible for Editor in 86.16 ms, found 3 plugins.
Preloading 0 native plugins for Editor in 0.00 ms.
Mono: successfully reloaded assembly
- Completed reload, in  0.614 seconds
Domain Reload Profiling:
	ReloadAssembly (614ms)
		BeginReloadAssembly (65ms)
			ExecutionOrderSort (0ms)
			DisableScriptedObjects (0ms)
			BackupInstance (0ms)
			ReleaseScriptingObjects (0ms)
			CreateAndSetChildDomain (1ms)
		EndReloadAssembly (450ms)
			LoadAssemblies (63ms)
			RebuildTransferFunctionScriptingTraits (0ms)
			SetupTypeCache (111ms)
			ReleaseScriptCaches (0ms)
			RebuildScriptCaches (28ms)
			SetupLoadedEditorAssemblies (258ms)
				LogAssemblyErrors (0ms)
				InitializePlatformSupportModulesInManaged (7ms)
				SetLoadedEditorAssemblies (0ms)
				RefreshPlugins (86ms)
				BeforeProcessingInitializeOnLoad (1ms)
				ProcessInitializeOnLoadAttributes (120ms)
				ProcessInitializeOnLoadMethodAttributes (43ms)
				AfterProcessingInitializeOnLoad (0ms)
				EditorAssembliesLoaded (0ms)
			ExecutionOrderSort2 (0ms)
			AwakeInstancesAfterBackupRestoration (0ms)
Platform modules already initialized, skipping
Registering precompiled user dll's ...
Registered in 0.004278 seconds.
Begin MonoManager ReloadAssembly
Symbol file LoadedFromMemory doesn't match image C:\Users\User\Desktop\John Paul C. Dayrit\Library\PackageCache\com.unity.visualscripting@1.7.8\Editor\VisualScripting.Core\Dependencies\YamlDotNet\Unity.VisualScripting.YamlDotNet.dll
Symbol file LoadedFromMemory doesn't match image C:\Users\User\Desktop\John Paul C. Dayrit\Library\PackageCache\com.unity.visualscripting@1.7.8\Editor\VisualScripting.Core\Dependencies\DotNetZip\Unity.VisualScripting.IonicZip.dll
Native extension for WindowsStandalone target not found
Native extension for WebGL target not found
Refreshing native plugins compatible for Editor in 0.60 ms, found 3 plugins.
Preloading 0 native plugins for Editor in 0.00 ms.
Mono: successfully reloaded assembly
- Completed reload, in  1.039 seconds
Domain Reload Profiling:
	ReloadAssembly (1040ms)
		BeginReloadAssembly (111ms)
			ExecutionOrderSort (0ms)
			DisableScriptedObjects (6ms)
			BackupInstance (0ms)
			ReleaseScriptingObjects (0ms)
			CreateAndSetChildDomain (19ms)
		EndReloadAssembly (815ms)
			LoadAssemblies (85ms)
			RebuildTransferFunctionScriptingTraits (0ms)
			SetupTypeCache (299ms)
			ReleaseScriptCaches (1ms)
			RebuildScriptCaches (54ms)
			SetupLoadedEditorAssemblies (344ms)
				LogAssemblyErrors (0ms)
				InitializePlatformSupportModulesInManaged (6ms)
				SetLoadedEditorAssemblies (0ms)
				RefreshPlugins (1ms)
				BeforeProcessingInitializeOnLoad (86ms)
				ProcessInitializeOnLoadAttributes (216ms)
				ProcessInitializeOnLoadMethodAttributes (30ms)
				AfterProcessingInitializeOnLoad (5ms)
				EditorAssembliesLoaded (0ms)
			ExecutionOrderSort2 (0ms)
			AwakeInstancesAfterBackupRestoration (6ms)
Platform modules already initialized, skipping
========================================================================
Worker process is ready to serve import requests
Launched and connected shader compiler UnityShaderCompiler.exe after 0.03 seconds
Refreshing native plugins compatible for Editor in 0.98 ms, found 3 plugins.
Preloading 0 native plugins for Editor in 0.00 ms.
Unloading 3382 Unused Serialized files (Serialized files now loaded: 0)
Unloading 27 unused Assets / (113.4 KB). Loaded Objects now: 3839.
Memory consumption went from 116.3 MB to 116.2 MB.
Total: 3.234500 ms (FindLiveObjects: 0.326200 ms CreateObjectMapping: 0.218500 ms MarkObjects: 2.564000 ms  DeleteObjects: 0.124600 ms)

AssetImportParameters requested are different than current active one (requested -> active):
  custom:video-decoder-ogg-theora: a1e56fd34408186e4bbccfd4996cb3dc -> 
  custom:container-muxer-webm: aa71ff27fc2769a1b78a27578f13a17b -> 
  custom:container-demuxer-webm: 4f35f7cbe854078d1ac9338744f61a02 -> 
  custom:video-encoder-webm-vp8: eb34c28f22e8b96e1ab97ce403110664 -> 
  custom:audio-encoder-webm-vorbis: bf7c407c2cedff20999df2af8eb42d56 -> 
  custom:framework-win-MediaFoundation: 216162199b28c13a410421893ffa2e32 -> 
  custom:container-demuxer-ogg: 62fdf1f143b41e24485cea50d1cbac27 -> 
  custom:video-decoder-webm-vp8: 9c59270c3fd7afecdb556c50c9e8de78 -> 
  custom:audio-decoder-ogg-vorbis: bf7c407c2cedff20999df2af8eb42d56 -> 
========================================================================
Received Import Request.
  Time since last request: 4161.939564 seconds.
  path: Assets/3DPlatformerAssets/3DPlatformerAssets/Ground/Stone/stoneLeft.png
  artifactKey: Guid(588f5f02447fa39449f76c552bc3acd7) Importer(815301076,1909f56bfc062723c751e8b465ee728b)
Start importing Assets/3DPlatformerAssets/3DPlatformerAssets/Ground/Stone/stoneLeft.png using Guid(588f5f02447fa39449f76c552bc3acd7) Importer(815301076,1909f56bfc062723c751e8b465ee728b)  -> (artifact id: '21e0875a79cbf0720fb1a431277e2f9f') in 0.126318 seconds 
========================================================================
Received Import Request.
  Time since last request: 0.000020 seconds.
  path: Assets/3DPlatformerAssets/3DPlatformerAssets/Ground/Snow/snowCenter.png
  artifactKey: Guid(b43f4aabd3b9e4e408331c095fc455d3) Importer(815301076,1909f56bfc062723c751e8b465ee728b)
Start importing Assets/3DPlatformerAssets/3DPlatformerAssets/Ground/Snow/snowCenter.png using Guid(b43f4aabd3b9e4e408331c095fc455d3) Importer(815301076,1909f56bfc062723c751e8b465ee728b)  -> (artifact id: '5130fab4e0c9934532852819c8c5455b') in 0.018614 seconds 
========================================================================
Received Import Request.
  Time since last request: 0.000019 seconds.
  path: Assets/3DPlatformerAssets/3DPlatformerAssets/Ground/Snow/snowHalf.png
  artifactKey: Guid(ecd934e4773a566479d1998d6cc219ea) Importer(815301076,1909f56bfc062723c751e8b465ee728b)
Start importing Assets/3DPlatformerAssets/3DPlatformerAssets/Ground/Snow/snowHalf.png using Guid(ecd934e4773a566479d1998d6cc219ea) Importer(815301076,1909f56bfc062723c751e8b465ee728b)  -> (artifact id: '90f16ad142e35a4b16e0b689192ab92c') in 0.019729 seconds 
========================================================================
Received Import Request.
  Time since last request: 0.000016 seconds.
  path: Assets/3DPlatformerAssets/3DPlatformerAssets/Ground/Stone/stoneCliff_right.png
  artifactKey: Guid(e2081585bf7bded4a848afca2ed2b298) Importer(815301076,1909f56bfc062723c751e8b465ee728b)
Start importing Assets/3DPlatformerAssets/3DPlatformerAssets/Ground/Stone/stoneCliff_right.png using Guid(e2081585bf7bded4a848afca2ed2b298) Importer(815301076,1909f56bfc062723c751e8b465ee728b)  -> (artifact id: '7d3b443f7c898c8e63f6450538362aae') in 0.017527 seconds 
========================================================================
Received Import Request.
  Time since last request: 0.000019 seconds.
  path: Assets/3DPlatformerAssets/3DPlatformerAssets/Ground/Stone/stoneCliffAlt_left.png
  artifactKey: Guid(61e73f7ead67059458d82f7238bc2c7d) Importer(815301076,1909f56bfc062723c751e8b465ee728b)
Start importing Assets/3DPlatformerAssets/3DPlatformerAssets/Ground/Stone/stoneCliffAlt_left.png using Guid(61e73f7ead67059458d82f7238bc2c7d) Importer(815301076,1909f56bfc062723c751e8b465ee728b)  -> (artifact id: '1ad9e4dcbea2b1d0467b7c5dc55a722e') in 0.018405 seconds 
========================================================================
Received Import Request.
  Time since last request: 0.000022 seconds.
  path: Assets/3DPlatformerAssets/3DPlatformerAssets/Ground/Snow/snow.png
  artifactKey: Guid(f62184b6a04040846aac3659a3f01cf3) Importer(815301076,1909f56bfc062723c751e8b465ee728b)
Start importing Assets/3DPlatformerAssets/3DPlatformerAssets/Ground/Snow/snow.png using Guid(f62184b6a04040846aac3659a3f01cf3) Importer(815301076,1909f56bfc062723c751e8b465ee728b)  -> (artifact id: '8c70509d0a037ce6a397d8832364cb9e') in 0.019661 seconds 
========================================================================
Received Import Request.
  Time since last request: 0.000022 seconds.
  path: Assets/3DPlatformerAssets/3DPlatformerAssets/Ground/Stone/stoneHill_right.png
  artifactKey: Guid(77b6f9cae844153409894963a0584b22) Importer(815301076,1909f56bfc062723c751e8b465ee728b)
Start importing Assets/3DPlatformerAssets/3DPlatformerAssets/Ground/Stone/stoneHill_right.png using Guid(77b6f9cae844153409894963a0584b22) Importer(815301076,1909f56bfc062723c751e8b465ee728b)  -> (artifact id: '301566b2a98a22ca70fd517c7dee8949') in 0.017479 seconds 
========================================================================
Received Import Request.
  Time since last request: 0.000029 seconds.
  path: Assets/3DPlatformerAssets/3DPlatformerAssets/Ground/Snow/snowLeft.png
  artifactKey: Guid(4ccfa0772b9170e45a91ef89a9ebbcf0) Importer(815301076,1909f56bfc062723c751e8b465ee728b)
Start importing Assets/3DPlatformerAssets/3DPlatformerAssets/Ground/Snow/snowLeft.png using Guid(4ccfa0772b9170e45a91ef89a9ebbcf0) Importer(815301076,1909f56bfc062723c751e8b465ee728b)  -> (artifact id: 'bbc3ed6ace1ea987f4800468ba568db5') in 0.019457 seconds 
========================================================================
Received Import Request.
  Time since last request: 0.000018 seconds.
  path: Assets/3DPlatformerAssets/3DPlatformerAssets/Ground/Stone/stone.png
  artifactKey: Guid(cfe263cd4a1e3f642ada55889e3f949e) Importer(815301076,1909f56bfc062723c751e8b465ee728b)
Start importing Assets/3DPlatformerAssets/3DPlatformerAssets/Ground/Stone/stone.png using Guid(cfe263cd4a1e3f642ada55889e3f949e) Importer(815301076,1909f56bfc062723c751e8b465ee728b)  -> (artifact id: 'e6072fd9d39cbdcc19f3f58250b3e195') in 0.018038 seconds 
========================================================================
Received Import Request.
  Time since last request: 0.000021 seconds.
  path: Assets/3DPlatformerAssets/3DPlatformerAssets/Ground/Snow/snowCliffAlt_left.png
  artifactKey: Guid(aca84366f91761b4cbcace4c334193a6) Importer(815301076,1909f56bfc062723c751e8b465ee728b)
Start importing Assets/3DPlatformerAssets/3DPlatformerAssets/Ground/Snow/snowCliffAlt_left.png using Guid(aca84366f91761b4cbcace4c334193a6) Importer(815301076,1909f56bfc062723c751e8b465ee728b)  -> (artifact id: '3e184334f614daa844c2b36426738ee8') in 0.018865 seconds 
========================================================================
Received Import Request.
  Time since last request: 0.000015 seconds.
  path: Assets/3DPlatformerAssets/3DPlatformerAssets/Ground/Stone/stoneCliffAlt_right.png
  artifactKey: Guid(f105b529f642ed84681926b58a2bf0e8) Importer(815301076,1909f56bfc062723c751e8b465ee728b)
Start importing Assets/3DPlatformerAssets/3DPlatformerAssets/Ground/Stone/stoneCliffAlt_right.png using Guid(f105b529f642ed84681926b58a2bf0e8) Importer(815301076,1909f56bfc062723c751e8b465ee728b)  -> (artifact id: 'e70bed90a78e8fd4fa70301bfb0adf2f') in 0.018660 seconds 
========================================================================
Received Import Request.
  Time since last request: 0.000017 seconds.
  path: Assets/3DPlatformerAssets/3DPlatformerAssets/Ground/Snow/snowCliffAlt_right.png
  artifactKey: Guid(0838f5f1838361844aff9335ea3a5e40) Importer(815301076,1909f56bfc062723c751e8b465ee728b)
Start importing Assets/3DPlatformerAssets/3DPlatformerAssets/Ground/Snow/snowCliffAlt_right.png using Guid(0838f5f1838361844aff9335ea3a5e40) Importer(815301076,1909f56bfc062723c751e8b465ee728b)  -> (artifact id: '076c5c23f27a1dfd1831fb275e4b4621') in 0.020404 seconds 
========================================================================
Received Import Request.
  Time since last request: 0.000016 seconds.
  path: Assets/3DPlatformerAssets/3DPlatformerAssets/Ground/Stone/stoneHalf_mid.png
  artifactKey: Guid(1cc6bfe35b0b2194d9987db3f86e9f4d) Importer(815301076,1909f56bfc062723c751e8b465ee728b)
Start importing Assets/3DPlatformerAssets/3DPlatformerAssets/Ground/Stone/stoneHalf_mid.png using Guid(1cc6bfe35b0b2194d9987db3f86e9f4d) Importer(815301076,1909f56bfc062723c751e8b465ee728b)  -> (artifact id: '7f6c74bbccd033f4cb1ec239de751a61') in 0.017884 seconds 
